# JRE version: Java(TM) SE Runtime Environment (7.0_51-b13) (build 1.7.0_51-b13)
# Java VM: Java HotSpot(TM) 64-Bit Server VM (24.51-b03 mixed mode windows-amd64 compressed oops)
Heap
 PSYoungGen      total 172544K, used 29750K [0x00000000eaa80000, 0x00000000fbc80000, 0x0000000100000000)
  eden space 163840K, 13% used [0x00000000eaa80000,0x00000000ec0be490,0x00000000f4a80000)
  from space 8704K, 80% used [0x00000000f4a80000,0x00000000f514f400,0x00000000f5300000)
  to   space 9216K, 0% used [0x00000000fb380000,0x00000000fb380000,0x00000000fbc80000)
 ParOldGen       total 42496K, used 23328K [0x00000000c0000000, 0x00000000c2980000, 0x00000000eaa80000)
  object space 42496K, 54% used [0x00000000c0000000,0x00000000c16c8148,0x00000000c2980000)
 PSPermGen       total 35840K, used 35498K [0x0000000080000000, 0x0000000082300000, 0x00000000c0000000)
  object space 35840K, 99% used [0x0000000080000000,0x00000000822aaa30,0x0000000082300000)
GC Heap History (10 events):
Event: 9.689 GC heap before
{Heap before GC invocations=9 (full 0):
 PSYoungGen      total 71168K, used 67176K [0x00000000eaa80000, 0x00000000ef780000, 0x0000000100000000)
  eden space 65024K, 100% used [0x00000000eaa80000,0x00000000eea00000,0x00000000eea00000)
  from space 6144K, 35% used [0x00000000ef080000,0x00000000ef29a0e0,0x00000000ef680000)
  to   space 6656K, 0% used [0x00000000eea00000,0x00000000eea00000,0x00000000ef080000)
 ParOldGen       total 42496K, used 10892K [0x00000000c0000000, 0x00000000c2980000, 0x00000000eaa80000)
  object space 42496K, 25% used [0x00000000c0000000,0x00000000c0aa3250,0x00000000c2980000)
 PSPermGen       total 21504K, used 21311K [0x0000000080000000, 0x0000000081500000, 0x00000000c0000000)
  object space 21504K, 99% used [0x0000000080000000,0x00000000814cfdd8,0x0000000081500000)
Event: 9.698 GC heap after
Heap after GC invocations=9 (full 0):
 PSYoungGen      total 71680K, used 2879K [0x00000000eaa80000, 0x00000000f1d80000, 0x0000000100000000)
  eden space 65024K, 0% used [0x00000000eaa80000,0x00000000eaa80000,0x00000000eea00000)
  from space 6656K, 43% used [0x00000000eea00000,0x00000000eeccffa8,0x00000000ef080000)
  to   space 6656K, 0% used [0x00000000f1700000,0x00000000f1700000,0x00000000f1d80000)
 ParOldGen       total 42496K, used 11795K [0x00000000c0000000, 0x00000000c2980000, 0x00000000eaa80000)
  object space 42496K, 27% used [0x00000000c0000000,0x00000000c0b84e68,0x00000000c2980000)
 PSPermGen       total 21504K, used 21311K [0x0000000080000000, 0x0000000081500000, 0x00000000c0000000)
  object space 21504K, 99% used [0x0000000080000000,0x00000000814cfdd8,0x0000000081500000)
}
Event: 11.793 GC heap before
{Heap before GC invocations=10 (full 0):
 PSYoungGen      total 71680K, used 67903K [0x00000000eaa80000, 0x00000000f1d80000, 0x0000000100000000)
  eden space 65024K, 100% used [0x00000000eaa80000,0x00000000eea00000,0x00000000eea00000)
  from space 6656K, 43% used [0x00000000eea00000,0x00000000eeccffa8,0x00000000ef080000)
  to   space 6656K, 0% used [0x00000000f1700000,0x00000000f1700000,0x00000000f1d80000)
 ParOldGen       total 42496K, used 11795K [0x00000000c0000000, 0x00000000c2980000, 0x00000000eaa80000)
  object space 42496K, 27% used [0x00000000c0000000,0x00000000c0b84e68,0x00000000c2980000)
 PSPermGen       total 27648K, used 27485K [0x0000000080000000, 0x0000000081b00000, 0x00000000c0000000)
  object space 27648K, 99% used [0x0000000080000000,0x0000000081ad76a8,0x0000000081b00000)
Event: 11.815 GC heap after
Heap after GC invocations=10 (full 0):
 PSYoungGen      total 109056K, used 6632K [0x00000000eaa80000, 0x00000000f2180000, 0x0000000100000000)
  eden space 102400K, 0% used [0x00000000eaa80000,0x00000000eaa80000,0x00000000f0e80000)
  from space 6656K, 99% used [0x00000000f1700000,0x00000000f1d7a250,0x00000000f1d80000)
  to   space 8704K, 0% used [0x00000000f0e80000,0x00000000f0e80000,0x00000000f1700000)
 ParOldGen       total 42496K, used 15251K [0x00000000c0000000, 0x00000000c2980000, 0x00000000eaa80000)
  object space 42496K, 35% used [0x00000000c0000000,0x00000000c0ee4f28,0x00000000c2980000)
 PSPermGen       total 27648K, used 27485K [0x0000000080000000, 0x0000000081b00000, 0x00000000c0000000)
  object space 27648K, 99% used [0x0000000080000000,0x0000000081ad76a8,0x0000000081b00000)
}
Event: 25.685 GC heap before
{Heap before GC invocations=11 (full 0):
 PSYoungGen      total 109056K, used 109032K [0x00000000eaa80000, 0x00000000f2180000, 0x0000000100000000)
  eden space 102400K, 100% used [0x00000000eaa80000,0x00000000f0e80000,0x00000000f0e80000)
  from space 6656K, 99% used [0x00000000f1700000,0x00000000f1d7a250,0x00000000f1d80000)
  to   space 8704K, 0% used [0x00000000f0e80000,0x00000000f0e80000,0x00000000f1700000)
 ParOldGen       total 42496K, used 15251K [0x00000000c0000000, 0x00000000c2980000, 0x00000000eaa80000)
  object space 42496K, 35% used [0x00000000c0000000,0x00000000c0ee4f28,0x00000000c2980000)
 PSPermGen       total 31744K, used 31647K [0x0000000080000000, 0x0000000081f00000, 0x00000000c0000000)
  object space 31744K, 99% used [0x0000000080000000,0x0000000081ee7cf0,0x0000000081f00000)
Event: 25.718 GC heap after
Heap after GC invocations=11 (full 0):
 PSYoungGen      total 111104K, used 5476K [0x00000000eaa80000, 0x00000000f5b80000, 0x0000000100000000)
  eden space 102400K, 0% used [0x00000000eaa80000,0x00000000eaa80000,0x00000000f0e80000)
  from space 8704K, 62% used [0x00000000f0e80000,0x00000000f13d9370,0x00000000f1700000)
  to   space 8704K, 0% used [0x00000000f5300000,0x00000000f5300000,0x00000000f5b80000)
 ParOldGen       total 42496K, used 19939K [0x00000000c0000000, 0x00000000c2980000, 0x00000000eaa80000)
  object space 42496K, 46% used [0x00000000c0000000,0x00000000c1378ec8,0x00000000c2980000)
 PSPermGen       total 31744K, used 31647K [0x0000000080000000, 0x0000000081f00000, 0x00000000c0000000)
  object space 31744K, 99% used [0x0000000080000000,0x0000000081ee7cf0,0x0000000081f00000)
}
Event: 26.254 GC heap before
{Heap before GC invocations=12 (full 0):
 PSYoungGen      total 111104K, used 107876K [0x00000000eaa80000, 0x00000000f5b80000, 0x0000000100000000)
  eden space 102400K, 100% used [0x00000000eaa80000,0x00000000f0e80000,0x00000000f0e80000)
  from space 8704K, 62% used [0x00000000f0e80000,0x00000000f13d9370,0x00000000f1700000)
  to   space 8704K, 0% used [0x00000000f5300000,0x00000000f5300000,0x00000000f5b80000)
 ParOldGen       total 42496K, used 19939K [0x00000000c0000000, 0x00000000c2980000, 0x00000000eaa80000)
  object space 42496K, 46% used [0x00000000c0000000,0x00000000c1378ec8,0x00000000c2980000)
 PSPermGen       total 31744K, used 31654K [0x0000000080000000, 0x0000000081f00000, 0x00000000c0000000)
  object space 31744K, 99% used [0x0000000080000000,0x0000000081ee9a18,0x0000000081f00000)
Event: 26.262 GC heap after
Heap after GC invocations=12 (full 0):
 PSYoungGen      total 172544K, used 544K [0x00000000eaa80000, 0x00000000f5b80000, 0x0000000100000000)
  eden space 163840K, 0% used [0x00000000eaa80000,0x00000000eaa80000,0x00000000f4a80000)
  from space 8704K, 6% used [0x00000000f5300000,0x00000000f5388000,0x00000000f5b80000)
  to   space 8704K, 0% used [0x00000000f4a80000,0x00000000f4a80000,0x00000000f5300000)
 ParOldGen       total 42496K, used 22868K [0x00000000c0000000, 0x00000000c2980000, 0x00000000eaa80000)
  object space 42496K, 53% used [0x00000000c0000000,0x00000000c16550f8,0x00000000c2980000)
 PSPermGen       total 31744K, used 31654K [0x0000000080000000, 0x0000000081f00000, 0x00000000c0000000)
  object space 31744K, 99% used [0x0000000080000000,0x0000000081ee9a18,0x0000000081f00000)
}
Event: 29.203 GC heap before
{Heap before GC invocations=13 (full 0):
 PSYoungGen      total 172544K, used 164384K [0x00000000eaa80000, 0x00000000f5b80000, 0x0000000100000000)
  eden space 163840K, 100% used [0x00000000eaa80000,0x00000000f4a80000,0x00000000f4a80000)
  from space 8704K, 6% used [0x00000000f5300000,0x00000000f5388000,0x00000000f5b80000)
  to   space 8704K, 0% used [0x00000000f4a80000,0x00000000f4a80000,0x00000000f5300000)
 ParOldGen       total 42496K, used 22868K [0x00000000c0000000, 0x00000000c2980000, 0x00000000eaa80000)
  object space 42496K, 53% used [0x00000000c0000000,0x00000000c16550f8,0x00000000c2980000)
 PSPermGen       total 35328K, used 34928K [0x0000000080000000, 0x0000000082280000, 0x00000000c0000000)
  object space 35328K, 98% used [0x0000000080000000,0x000000008221c170,0x0000000082280000)
Event: 29.237 GC heap after
Heap after GC invocations=13 (full 0):
 PSYoungGen      total 172544K, used 6973K [0x00000000eaa80000, 0x00000000fbc80000, 0x0000000100000000)
  eden space 163840K, 0% used [0x00000000eaa80000,0x00000000eaa80000,0x00000000f4a80000)
  from space 8704K, 80% used [0x00000000f4a80000,0x00000000f514f400,0x00000000f5300000)
  to   space 9216K, 0% used [0x00000000fb380000,0x00000000fb380000,0x00000000fbc80000)
 ParOldGen       total 42496K, used 23328K [0x00000000c0000000, 0x00000000c2980000, 0x00000000eaa80000)
  object space 42496K, 54% used [0x00000000c0000000,0x00000000c16c8148,0x00000000c2980000)
 PSPermGen       total 35328K, used 34928K [0x0000000080000000, 0x0000000082280000, 0x00000000c0000000)
  object space 35328K, 98% used [0x0000000080000000,0x000000008221c170,0x0000000082280000)
}

