# JRE version: Java(TM) SE Runtime Environment (7.0_51-b13) (build 1.7.0_51-b13)
# Java VM: Java HotSpot(TM) 64-Bit Server VM (24.51-b03 mixed mode windows-amd64 compressed oops)
Heap
 PSYoungGen      total 18944K, used 9522K [0x00000000eaa80000, 0x00000000ecf80000, 0x0000000100000000)
  eden space 16384K, 42% used [0x00000000eaa80000,0x00000000eb1523a0,0x00000000eba80000)
  from space 2560K, 99% used [0x00000000ecd00000,0x00000000ecf7a580,0x00000000ecf80000)
  to   space 2560K, 0% used [0x00000000eba80000,0x00000000eba80000,0x00000000ebd00000)
 ParOldGen       total 42496K, used 1431K [0x00000000c0000000, 0x00000000c2980000, 0x00000000eaa80000)
  object space 42496K, 3% used [0x00000000c0000000,0x00000000c0165cc0,0x00000000c2980000)
 PSPermGen       total 21504K, used 9524K [0x0000000080000000, 0x0000000081500000, 0x00000000c0000000)
  object space 21504K, 44% used [0x0000000080000000,0x000000008094d238,0x0000000081500000)
GC Heap History (4 events):
Event: 13.495 GC heap before
{Heap before GC invocations=1 (full 0):
 PSYoungGen      total 18944K, used 16384K [0x00000000eaa80000, 0x00000000ebf80000, 0x0000000100000000)
  eden space 16384K, 100% used [0x00000000eaa80000,0x00000000eba80000,0x00000000eba80000)
  from space 2560K, 0% used [0x00000000ebd00000,0x00000000ebd00000,0x00000000ebf80000)
  to   space 2560K, 0% used [0x00000000eba80000,0x00000000eba80000,0x00000000ebd00000)
 ParOldGen       total 42496K, used 0K [0x00000000c0000000, 0x00000000c2980000, 0x00000000eaa80000)
  object space 42496K, 0% used [0x00000000c0000000,0x00000000c0000000,0x00000000c2980000)
 PSPermGen       total 21504K, used 6297K [0x0000000080000000, 0x0000000081500000, 0x00000000c0000000)
  object space 21504K, 29% used [0x0000000080000000,0x0000000080626590,0x0000000081500000)
Event: 13.633 GC heap after
Heap after GC invocations=1 (full 0):
 PSYoungGen      total 18944K, used 2559K [0x00000000eaa80000, 0x00000000ecf80000, 0x0000000100000000)
  eden space 16384K, 0% used [0x00000000eaa80000,0x00000000eaa80000,0x00000000eba80000)
  from space 2560K, 99% used [0x00000000eba80000,0x00000000ebcffff8,0x00000000ebd00000)
  to   space 2560K, 0% used [0x00000000ecd00000,0x00000000ecd00000,0x00000000ecf80000)
 ParOldGen       total 42496K, used 729K [0x00000000c0000000, 0x00000000c2980000, 0x00000000eaa80000)
  object space 42496K, 1% used [0x00000000c0000000,0x00000000c00b6650,0x00000000c2980000)
 PSPermGen       total 21504K, used 6297K [0x0000000080000000, 0x0000000081500000, 0x00000000c0000000)
  object space 21504K, 29% used [0x0000000080000000,0x0000000080626590,0x0000000081500000)
}
Event: 24.000 GC heap before
{Heap before GC invocations=2 (full 0):
 PSYoungGen      total 18944K, used 18943K [0x00000000eaa80000, 0x00000000ecf80000, 0x0000000100000000)
  eden space 16384K, 100% used [0x00000000eaa80000,0x00000000eba80000,0x00000000eba80000)
  from space 2560K, 99% used [0x00000000eba80000,0x00000000ebcffff8,0x00000000ebd00000)
  to   space 2560K, 0% used [0x00000000ecd00000,0x00000000ecd00000,0x00000000ecf80000)
 ParOldGen       total 42496K, used 729K [0x00000000c0000000, 0x00000000c2980000, 0x00000000eaa80000)
  object space 42496K, 1% used [0x00000000c0000000,0x00000000c00b6650,0x00000000c2980000)
 PSPermGen       total 21504K, used 8544K [0x0000000080000000, 0x0000000081500000, 0x00000000c0000000)
  object space 21504K, 39% used [0x0000000080000000,0x00000000808582d0,0x0000000081500000)
Event: 24.015 GC heap after
Heap after GC invocations=2 (full 0):
 PSYoungGen      total 18944K, used 2537K [0x00000000eaa80000, 0x00000000ecf80000, 0x0000000100000000)
  eden space 16384K, 0% used [0x00000000eaa80000,0x00000000eaa80000,0x00000000eba80000)
  from space 2560K, 99% used [0x00000000ecd00000,0x00000000ecf7a580,0x00000000ecf80000)
  to   space 2560K, 0% used [0x00000000eba80000,0x00000000eba80000,0x00000000ebd00000)
 ParOldGen       total 42496K, used 1431K [0x00000000c0000000, 0x00000000c2980000, 0x00000000eaa80000)
  object space 42496K, 3% used [0x00000000c0000000,0x00000000c0165cc0,0x00000000c2980000)
 PSPermGen       total 21504K, used 8544K [0x0000000080000000, 0x0000000081500000, 0x00000000c0000000)
  object space 21504K, 39% used [0x0000000080000000,0x00000000808582d0,0x0000000081500000)
}

