# JRE version: Java(TM) SE Runtime Environment (7.0_51-b13) (build 1.7.0_51-b13)
# Java VM: Java HotSpot(TM) 64-Bit Server VM (24.51-b03 mixed mode windows-amd64 compressed oops)
Heap
 PSYoungGen      total 71680K, used 14302K [0x00000000eaa80000, 0x00000000ef780000, 0x0000000100000000)
  eden space 65024K, 17% used [0x00000000eaa80000,0x00000000eb59fa28,0x00000000eea00000)
  from space 6656K, 43% used [0x00000000eea00000,0x00000000eecd8070,0x00000000ef080000)
  to   space 6144K, 0% used [0x00000000ef080000,0x00000000ef080000,0x00000000ef680000)
 ParOldGen       total 42496K, used 11740K [0x00000000c0000000, 0x00000000c2980000, 0x00000000eaa80000)
  object space 42496K, 27% used [0x00000000c0000000,0x00000000c0b77260,0x00000000c2980000)
 PSPermGen       total 22528K, used 22392K [0x0000000080000000, 0x0000000081600000, 0x00000000c0000000)
  object space 22528K, 99% used [0x0000000080000000,0x00000000815de3f0,0x0000000081600000)
GC Heap History (10 events):
Event: 10.433 GC heap before
{Heap before GC invocations=5 (full 0):
 PSYoungGen      total 18944K, used 18944K [0x00000000eaa80000, 0x00000000ecf80000, 0x0000000100000000)
  eden space 16384K, 100% used [0x00000000eaa80000,0x00000000eba80000,0x00000000eba80000)
  from space 2560K, 100% used [0x00000000ebd00000,0x00000000ebf80000,0x00000000ebf80000)
  to   space 2560K, 0% used [0x00000000eba80000,0x00000000eba80000,0x00000000ebd00000)
 ParOldGen       total 42496K, used 6602K [0x00000000c0000000, 0x00000000c2980000, 0x00000000eaa80000)
  object space 42496K, 15% used [0x00000000c0000000,0x00000000c0672be0,0x00000000c2980000)
 PSPermGen       total 21504K, used 16693K [0x0000000080000000, 0x0000000081500000, 0x00000000c0000000)
  object space 21504K, 77% used [0x0000000080000000,0x000000008104d6d0,0x0000000081500000)
Event: 10.443 GC heap after
Heap after GC invocations=5 (full 0):
 PSYoungGen      total 18944K, used 2544K [0x00000000eaa80000, 0x00000000ed780000, 0x0000000100000000)
  eden space 16384K, 0% used [0x00000000eaa80000,0x00000000eaa80000,0x00000000eba80000)
  from space 2560K, 99% used [0x00000000eba80000,0x00000000ebcfc030,0x00000000ebd00000)
  to   space 6656K, 0% used [0x00000000ed100000,0x00000000ed100000,0x00000000ed780000)
 ParOldGen       total 42496K, used 8714K [0x00000000c0000000, 0x00000000c2980000, 0x00000000eaa80000)
  object space 42496K, 20% used [0x00000000c0000000,0x00000000c0882a08,0x00000000c2980000)
 PSPermGen       total 21504K, used 16693K [0x0000000080000000, 0x0000000081500000, 0x00000000c0000000)
  object space 21504K, 77% used [0x0000000080000000,0x000000008104d6d0,0x0000000081500000)
}
Event: 11.523 GC heap before
{Heap before GC invocations=6 (full 0):
 PSYoungGen      total 18944K, used 18928K [0x00000000eaa80000, 0x00000000ed780000, 0x0000000100000000)
  eden space 16384K, 100% used [0x00000000eaa80000,0x00000000eba80000,0x00000000eba80000)
  from space 2560K, 99% used [0x00000000eba80000,0x00000000ebcfc030,0x00000000ebd00000)
  to   space 6656K, 0% used [0x00000000ed100000,0x00000000ed100000,0x00000000ed780000)
 ParOldGen       total 42496K, used 8714K [0x00000000c0000000, 0x00000000c2980000, 0x00000000eaa80000)
  object space 42496K, 20% used [0x00000000c0000000,0x00000000c0882a08,0x00000000c2980000)
 PSPermGen       total 21504K, used 18603K [0x0000000080000000, 0x0000000081500000, 0x00000000c0000000)
  object space 21504K, 86% used [0x0000000080000000,0x000000008122ae58,0x0000000081500000)
Event: 11.561 GC heap after
Heap after GC invocations=6 (full 0):
 PSYoungGen      total 39424K, used 4732K [0x00000000eaa80000, 0x00000000ed780000, 0x0000000100000000)
  eden space 32768K, 0% used [0x00000000eaa80000,0x00000000eaa80000,0x00000000eca80000)
  from space 6656K, 71% used [0x00000000ed100000,0x00000000ed59f0f0,0x00000000ed780000)
  to   space 6656K, 0% used [0x00000000eca80000,0x00000000eca80000,0x00000000ed100000)
 ParOldGen       total 42496K, used 8714K [0x00000000c0000000, 0x00000000c2980000, 0x00000000eaa80000)
  object space 42496K, 20% used [0x00000000c0000000,0x00000000c0882a08,0x00000000c2980000)
 PSPermGen       total 21504K, used 18603K [0x0000000080000000, 0x0000000081500000, 0x00000000c0000000)
  object space 21504K, 86% used [0x0000000080000000,0x000000008122ae58,0x0000000081500000)
}
Event: 13.847 GC heap before
{Heap before GC invocations=7 (full 0):
 PSYoungGen      total 39424K, used 37500K [0x00000000eaa80000, 0x00000000ed780000, 0x0000000100000000)
  eden space 32768K, 100% used [0x00000000eaa80000,0x00000000eca80000,0x00000000eca80000)
  from space 6656K, 71% used [0x00000000ed100000,0x00000000ed59f0f0,0x00000000ed780000)
  to   space 6656K, 0% used [0x00000000eca80000,0x00000000eca80000,0x00000000ed100000)
 ParOldGen       total 42496K, used 8714K [0x00000000c0000000, 0x00000000c2980000, 0x00000000eaa80000)
  object space 42496K, 20% used [0x00000000c0000000,0x00000000c0882a08,0x00000000c2980000)
 PSPermGen       total 21504K, used 20369K [0x0000000080000000, 0x0000000081500000, 0x00000000c0000000)
  object space 21504K, 94% used [0x0000000080000000,0x00000000813e4480,0x0000000081500000)
Event: 13.878 GC heap after
Heap after GC invocations=7 (full 0):
 PSYoungGen      total 39424K, used 4351K [0x00000000eaa80000, 0x00000000ef680000, 0x0000000100000000)
  eden space 32768K, 0% used [0x00000000eaa80000,0x00000000eaa80000,0x00000000eca80000)
  from space 6656K, 65% used [0x00000000eca80000,0x00000000ecebff40,0x00000000ed100000)
  to   space 6144K, 0% used [0x00000000ef080000,0x00000000ef080000,0x00000000ef680000)
 ParOldGen       total 42496K, used 9597K [0x00000000c0000000, 0x00000000c2980000, 0x00000000eaa80000)
  object space 42496K, 22% used [0x00000000c0000000,0x00000000c095f5a8,0x00000000c2980000)
 PSPermGen       total 21504K, used 20369K [0x0000000080000000, 0x0000000081500000, 0x00000000c0000000)
  object space 21504K, 94% used [0x0000000080000000,0x00000000813e4480,0x0000000081500000)
}
Event: 14.738 GC heap before
{Heap before GC invocations=8 (full 0):
 PSYoungGen      total 39424K, used 37119K [0x00000000eaa80000, 0x00000000ef680000, 0x0000000100000000)
  eden space 32768K, 100% used [0x00000000eaa80000,0x00000000eca80000,0x00000000eca80000)
  from space 6656K, 65% used [0x00000000eca80000,0x00000000ecebff40,0x00000000ed100000)
  to   space 6144K, 0% used [0x00000000ef080000,0x00000000ef080000,0x00000000ef680000)
 ParOldGen       total 42496K, used 9597K [0x00000000c0000000, 0x00000000c2980000, 0x00000000eaa80000)
  object space 42496K, 22% used [0x00000000c0000000,0x00000000c095f5a8,0x00000000c2980000)
 PSPermGen       total 21504K, used 20375K [0x0000000080000000, 0x0000000081500000, 0x00000000c0000000)
  object space 21504K, 94% used [0x0000000080000000,0x00000000813e5f50,0x0000000081500000)
Event: 14.748 GC heap after
Heap after GC invocations=8 (full 0):
 PSYoungGen      total 71168K, used 2072K [0x00000000eaa80000, 0x00000000ef780000, 0x0000000100000000)
  eden space 65024K, 0% used [0x00000000eaa80000,0x00000000eaa80000,0x00000000eea00000)
  from space 6144K, 33% used [0x00000000ef080000,0x00000000ef2860d0,0x00000000ef680000)
  to   space 6656K, 0% used [0x00000000eea00000,0x00000000eea00000,0x00000000ef080000)
 ParOldGen       total 42496K, used 10917K [0x00000000c0000000, 0x00000000c2980000, 0x00000000eaa80000)
  object space 42496K, 25% used [0x00000000c0000000,0x00000000c0aa9648,0x00000000c2980000)
 PSPermGen       total 21504K, used 20375K [0x0000000080000000, 0x0000000081500000, 0x00000000c0000000)
  object space 21504K, 94% used [0x0000000080000000,0x00000000813e5f50,0x0000000081500000)
}
Event: 15.450 GC heap before
{Heap before GC invocations=9 (full 0):
 PSYoungGen      total 71168K, used 67096K [0x00000000eaa80000, 0x00000000ef780000, 0x0000000100000000)
  eden space 65024K, 100% used [0x00000000eaa80000,0x00000000eea00000,0x00000000eea00000)
  from space 6144K, 33% used [0x00000000ef080000,0x00000000ef2860d0,0x00000000ef680000)
  to   space 6656K, 0% used [0x00000000eea00000,0x00000000eea00000,0x00000000ef080000)
 ParOldGen       total 42496K, used 10917K [0x00000000c0000000, 0x00000000c2980000, 0x00000000eaa80000)
  object space 42496K, 25% used [0x00000000c0000000,0x00000000c0aa9648,0x00000000c2980000)
 PSPermGen       total 21504K, used 21320K [0x0000000080000000, 0x0000000081500000, 0x00000000c0000000)
  object space 21504K, 99% used [0x0000000080000000,0x00000000814d22b0,0x0000000081500000)
Event: 15.459 GC heap after
Heap after GC invocations=9 (full 0):
 PSYoungGen      total 71680K, used 2912K [0x00000000eaa80000, 0x00000000ef780000, 0x0000000100000000)
  eden space 65024K, 0% used [0x00000000eaa80000,0x00000000eaa80000,0x00000000eea00000)
  from space 6656K, 43% used [0x00000000eea00000,0x00000000eecd8070,0x00000000ef080000)
  to   space 6144K, 0% used [0x00000000ef080000,0x00000000ef080000,0x00000000ef680000)
 ParOldGen       total 42496K, used 11740K [0x00000000c0000000, 0x00000000c2980000, 0x00000000eaa80000)
  object space 42496K, 27% used [0x00000000c0000000,0x00000000c0b77260,0x00000000c2980000)
 PSPermGen       total 21504K, used 21320K [0x0000000080000000, 0x0000000081500000, 0x00000000c0000000)
  object space 21504K, 99% used [0x0000000080000000,0x00000000814d22b0,0x0000000081500000)
}

