# JRE version: Java(TM) SE Runtime Environment (7.0_51-b13) (build 1.7.0_51-b13)
# Java VM: Java HotSpot(TM) 64-Bit Server VM (24.51-b03 mixed mode windows-amd64 compressed oops)
Heap
 PSYoungGen      total 18944K, used 7481K [0x00000000faa80000, 0x00000000fbf80000, 0x0000000100000000)
  eden space 16384K, 34% used [0x00000000faa80000,0x00000000fb0162e8,0x00000000fba80000)
  from space 2560K, 68% used [0x00000000fbd00000,0x00000000fbeb83c8,0x00000000fbf80000)
  to   space 2560K, 0% used [0x00000000fba80000,0x00000000fba80000,0x00000000fbd00000)
 ParOldGen       total 42496K, used 16049K [0x00000000f0000000, 0x00000000f2980000, 0x00000000faa80000)
  object space 42496K, 37% used [0x00000000f0000000,0x00000000f0fac430,0x00000000f2980000)
 PSPermGen       total 22528K, used 22258K [0x00000000e0000000, 0x00000000e1600000, 0x00000000f0000000)
  object space 22528K, 98% used [0x00000000e0000000,0x00000000e15bc9e0,0x00000000e1600000)
GC Heap History (10 events):
Event: 7.582 GC heap before
{Heap before GC invocations=10 (full 0):
 PSYoungGen      total 18944K, used 17528K [0x00000000faa80000, 0x00000000fbf80000, 0x0000000100000000)
  eden space 16384K, 100% used [0x00000000faa80000,0x00000000fba80000,0x00000000fba80000)
  from space 2560K, 44% used [0x00000000fba80000,0x00000000fbb9e0d0,0x00000000fbd00000)
  to   space 2560K, 0% used [0x00000000fbd00000,0x00000000fbd00000,0x00000000fbf80000)
 ParOldGen       total 42496K, used 14536K [0x00000000f0000000, 0x00000000f2980000, 0x00000000faa80000)
  object space 42496K, 34% used [0x00000000f0000000,0x00000000f0e32310,0x00000000f2980000)
 PSPermGen       total 21504K, used 20376K [0x00000000e0000000, 0x00000000e1500000, 0x00000000f0000000)
  object space 21504K, 94% used [0x00000000e0000000,0x00000000e13e6118,0x00000000e1500000)
Event: 7.587 GC heap after
Heap after GC invocations=10 (full 0):
 PSYoungGen      total 18944K, used 224K [0x00000000faa80000, 0x00000000fbf80000, 0x0000000100000000)
  eden space 16384K, 0% used [0x00000000faa80000,0x00000000faa80000,0x00000000fba80000)
  from space 2560K, 8% used [0x00000000fbd00000,0x00000000fbd38000,0x00000000fbf80000)
  to   space 2560K, 0% used [0x00000000fba80000,0x00000000fba80000,0x00000000fbd00000)
 ParOldGen       total 42496K, used 15553K [0x00000000f0000000, 0x00000000f2980000, 0x00000000faa80000)
  object space 42496K, 36% used [0x00000000f0000000,0x00000000f0f30420,0x00000000f2980000)
 PSPermGen       total 21504K, used 20376K [0x00000000e0000000, 0x00000000e1500000, 0x00000000f0000000)
  object space 21504K, 94% used [0x00000000e0000000,0x00000000e13e6118,0x00000000e1500000)
}
Event: 7.676 GC heap before
{Heap before GC invocations=11 (full 0):
 PSYoungGen      total 18944K, used 16608K [0x00000000faa80000, 0x00000000fbf80000, 0x0000000100000000)
  eden space 16384K, 100% used [0x00000000faa80000,0x00000000fba80000,0x00000000fba80000)
  from space 2560K, 8% used [0x00000000fbd00000,0x00000000fbd38000,0x00000000fbf80000)
  to   space 2560K, 0% used [0x00000000fba80000,0x00000000fba80000,0x00000000fbd00000)
 ParOldGen       total 42496K, used 15553K [0x00000000f0000000, 0x00000000f2980000, 0x00000000faa80000)
  object space 42496K, 36% used [0x00000000f0000000,0x00000000f0f30420,0x00000000f2980000)
 PSPermGen       total 21504K, used 20376K [0x00000000e0000000, 0x00000000e1500000, 0x00000000f0000000)
  object space 21504K, 94% used [0x00000000e0000000,0x00000000e13e6378,0x00000000e1500000)
Event: 7.678 GC heap after
Heap after GC invocations=11 (full 0):
 PSYoungGen      total 18944K, used 160K [0x00000000faa80000, 0x00000000fbf80000, 0x0000000100000000)
  eden space 16384K, 0% used [0x00000000faa80000,0x00000000faa80000,0x00000000fba80000)
  from space 2560K, 6% used [0x00000000fba80000,0x00000000fbaa8000,0x00000000fbd00000)
  to   space 2560K, 0% used [0x00000000fbd00000,0x00000000fbd00000,0x00000000fbf80000)
 ParOldGen       total 42496K, used 15745K [0x00000000f0000000, 0x00000000f2980000, 0x00000000faa80000)
  object space 42496K, 37% used [0x00000000f0000000,0x00000000f0f60420,0x00000000f2980000)
 PSPermGen       total 21504K, used 20376K [0x00000000e0000000, 0x00000000e1500000, 0x00000000f0000000)
  object space 21504K, 94% used [0x00000000e0000000,0x00000000e13e6378,0x00000000e1500000)
}
Event: 7.755 GC heap before
{Heap before GC invocations=12 (full 0):
 PSYoungGen      total 18944K, used 16544K [0x00000000faa80000, 0x00000000fbf80000, 0x0000000100000000)
  eden space 16384K, 100% used [0x00000000faa80000,0x00000000fba80000,0x00000000fba80000)
  from space 2560K, 6% used [0x00000000fba80000,0x00000000fbaa8000,0x00000000fbd00000)
  to   space 2560K, 0% used [0x00000000fbd00000,0x00000000fbd00000,0x00000000fbf80000)
 ParOldGen       total 42496K, used 15745K [0x00000000f0000000, 0x00000000f2980000, 0x00000000faa80000)
  object space 42496K, 37% used [0x00000000f0000000,0x00000000f0f60420,0x00000000f2980000)
 PSPermGen       total 21504K, used 20379K [0x00000000e0000000, 0x00000000e1500000, 0x00000000f0000000)
  object space 21504K, 94% used [0x00000000e0000000,0x00000000e13e6e08,0x00000000e1500000)
Event: 7.757 GC heap after
Heap after GC invocations=12 (full 0):
 PSYoungGen      total 18944K, used 128K [0x00000000faa80000, 0x00000000fbf80000, 0x0000000100000000)
  eden space 16384K, 0% used [0x00000000faa80000,0x00000000faa80000,0x00000000fba80000)
  from space 2560K, 5% used [0x00000000fbd00000,0x00000000fbd20000,0x00000000fbf80000)
  to   space 2560K, 0% used [0x00000000fba80000,0x00000000fba80000,0x00000000fbd00000)
 ParOldGen       total 42496K, used 15865K [0x00000000f0000000, 0x00000000f2980000, 0x00000000faa80000)
  object space 42496K, 37% used [0x00000000f0000000,0x00000000f0f7e430,0x00000000f2980000)
 PSPermGen       total 21504K, used 20379K [0x00000000e0000000, 0x00000000e1500000, 0x00000000f0000000)
  object space 21504K, 94% used [0x00000000e0000000,0x00000000e13e6e08,0x00000000e1500000)
}
Event: 7.826 GC heap before
{Heap before GC invocations=13 (full 0):
 PSYoungGen      total 18944K, used 16512K [0x00000000faa80000, 0x00000000fbf80000, 0x0000000100000000)
  eden space 16384K, 100% used [0x00000000faa80000,0x00000000fba80000,0x00000000fba80000)
  from space 2560K, 5% used [0x00000000fbd00000,0x00000000fbd20000,0x00000000fbf80000)
  to   space 2560K, 0% used [0x00000000fba80000,0x00000000fba80000,0x00000000fbd00000)
 ParOldGen       total 42496K, used 15865K [0x00000000f0000000, 0x00000000f2980000, 0x00000000faa80000)
  object space 42496K, 37% used [0x00000000f0000000,0x00000000f0f7e430,0x00000000f2980000)
 PSPermGen       total 21504K, used 20381K [0x00000000e0000000, 0x00000000e1500000, 0x00000000f0000000)
  object space 21504K, 94% used [0x00000000e0000000,0x00000000e13e7668,0x00000000e1500000)
Event: 7.828 GC heap after
Heap after GC invocations=13 (full 0):
 PSYoungGen      total 18944K, used 128K [0x00000000faa80000, 0x00000000fbf80000, 0x0000000100000000)
  eden space 16384K, 0% used [0x00000000faa80000,0x00000000faa80000,0x00000000fba80000)
  from space 2560K, 5% used [0x00000000fba80000,0x00000000fbaa0000,0x00000000fbd00000)
  to   space 2560K, 0% used [0x00000000fbd00000,0x00000000fbd00000,0x00000000fbf80000)
 ParOldGen       total 42496K, used 15961K [0x00000000f0000000, 0x00000000f2980000, 0x00000000faa80000)
  object space 42496K, 37% used [0x00000000f0000000,0x00000000f0f96430,0x00000000f2980000)
 PSPermGen       total 21504K, used 20381K [0x00000000e0000000, 0x00000000e1500000, 0x00000000f0000000)
  object space 21504K, 94% used [0x00000000e0000000,0x00000000e13e7668,0x00000000e1500000)
}
Event: 8.057 GC heap before
{Heap before GC invocations=14 (full 0):
 PSYoungGen      total 18944K, used 16512K [0x00000000faa80000, 0x00000000fbf80000, 0x0000000100000000)
  eden space 16384K, 100% used [0x00000000faa80000,0x00000000fba80000,0x00000000fba80000)
  from space 2560K, 5% used [0x00000000fba80000,0x00000000fbaa0000,0x00000000fbd00000)
  to   space 2560K, 0% used [0x00000000fbd00000,0x00000000fbd00000,0x00000000fbf80000)
 ParOldGen       total 42496K, used 15961K [0x00000000f0000000, 0x00000000f2980000, 0x00000000faa80000)
  object space 42496K, 37% used [0x00000000f0000000,0x00000000f0f96430,0x00000000f2980000)
 PSPermGen       total 21504K, used 21493K [0x00000000e0000000, 0x00000000e1500000, 0x00000000f0000000)
  object space 21504K, 99% used [0x00000000e0000000,0x00000000e14fd5e8,0x00000000e1500000)
Event: 8.061 GC heap after
Heap after GC invocations=14 (full 0):
 PSYoungGen      total 18944K, used 1760K [0x00000000faa80000, 0x00000000fbf80000, 0x0000000100000000)
  eden space 16384K, 0% used [0x00000000faa80000,0x00000000faa80000,0x00000000fba80000)
  from space 2560K, 68% used [0x00000000fbd00000,0x00000000fbeb83c8,0x00000000fbf80000)
  to   space 2560K, 0% used [0x00000000fba80000,0x00000000fba80000,0x00000000fbd00000)
 ParOldGen       total 42496K, used 16049K [0x00000000f0000000, 0x00000000f2980000, 0x00000000faa80000)
  object space 42496K, 37% used [0x00000000f0000000,0x00000000f0fac430,0x00000000f2980000)
 PSPermGen       total 21504K, used 21493K [0x00000000e0000000, 0x00000000e1500000, 0x00000000f0000000)
  object space 21504K, 99% used [0x00000000e0000000,0x00000000e14fd5e8,0x00000000e1500000)
}

